0 info it worked if it ends with ok
1 verbose cli [ '/usr/bin/node',
1 verbose cli   '/usr/bin/npm',
1 verbose cli   'install',
1 verbose cli   'grunt',
1 verbose cli   '--save-dev' ]
2 info using npm@1.4.28
3 info using node@v0.10.33
4 verbose node symlink /usr/bin/node
5 verbose readDependencies using package.json deps
6 verbose cache add [ 'grunt', null ]
7 verbose cache add name=undefined spec="grunt" args=["grunt",null]
8 verbose parsed url { protocol: null,
8 verbose parsed url   slashes: null,
8 verbose parsed url   auth: null,
8 verbose parsed url   host: null,
8 verbose parsed url   port: null,
8 verbose parsed url   hostname: null,
8 verbose parsed url   hash: null,
8 verbose parsed url   search: null,
8 verbose parsed url   query: null,
8 verbose parsed url   pathname: 'grunt',
8 verbose parsed url   path: 'grunt',
8 verbose parsed url   href: 'grunt' }
9 silly lockFile 20ff3fd8-grunt grunt
10 verbose lock grunt /home/marcko/.npm/20ff3fd8-grunt.lock
11 silly lockFile 20ff3fd8-grunt grunt
12 silly lockFile 20ff3fd8-grunt grunt
13 verbose addNamed [ 'grunt', '' ]
14 verbose addNamed [ null, '*' ]
15 silly lockFile 55f1ff24-grunt grunt@
16 verbose lock grunt@ /home/marcko/.npm/55f1ff24-grunt.lock
17 silly addNameRange { name: 'grunt', range: '*', hasData: false }
18 verbose request where is /grunt
19 verbose request registry https://registry.npmjs.org/
20 verbose request id 3a8981d55cde0758
21 verbose url raw /grunt
22 verbose url resolving [ 'https://registry.npmjs.org/', './grunt' ]
23 verbose url resolved https://registry.npmjs.org/grunt
24 verbose request where is https://registry.npmjs.org/grunt
25 info trying registry request attempt 1 at 21:28:13
26 verbose etag "2598I34UG8CNHEWGOLA67GFC7"
27 http GET https://registry.npmjs.org/grunt
28 http 200 https://registry.npmjs.org/grunt
29 silly registry.get cb [ 200,
29 silly registry.get   { date: 'Thu, 27 Nov 2014 03:28:13 GMT',
29 silly registry.get     server: 'CouchDB/1.5.0 (Erlang OTP/R16B03)',
29 silly registry.get     etag: '"3VQX57CW1W8X451Z6N36PAM4O"',
29 silly registry.get     'content-type': 'application/json',
29 silly registry.get     'cache-control': 'max-age=60',
29 silly registry.get     'content-length': '87531',
29 silly registry.get     'accept-ranges': 'bytes',
29 silly registry.get     via: '1.1 varnish',
29 silly registry.get     age: '45',
29 silly registry.get     'x-served-by': 'cache-ord1726-ORD',
29 silly registry.get     'x-cache': 'HIT',
29 silly registry.get     'x-cache-hits': '1',
29 silly registry.get     'x-timer': 'S1417058893.831227,VS0,VE0',
29 silly registry.get     vary: 'Accept',
29 silly registry.get     'keep-alive': 'timeout=10, max=50',
29 silly registry.get     connection: 'Keep-Alive' } ]
30 silly addNameRange number 2 { name: 'grunt', range: '*', hasData: true }
31 silly addNameRange versions [ 'grunt',
31 silly addNameRange   [ '0.1.0',
31 silly addNameRange     '0.1.1',
31 silly addNameRange     '0.1.2',
31 silly addNameRange     '0.2.0',
31 silly addNameRange     '0.2.1',
31 silly addNameRange     '0.2.2',
31 silly addNameRange     '0.2.3',
31 silly addNameRange     '0.2.4',
31 silly addNameRange     '0.2.5',
31 silly addNameRange     '0.2.6',
31 silly addNameRange     '0.2.7',
31 silly addNameRange     '0.2.8',
31 silly addNameRange     '0.2.9',
31 silly addNameRange     '0.2.10',
31 silly addNameRange     '0.2.11',
31 silly addNameRange     '0.2.12',
31 silly addNameRange     '0.2.13',
31 silly addNameRange     '0.2.14',
31 silly addNameRange     '0.2.15',
31 silly addNameRange     '0.3.0',
31 silly addNameRange     '0.3.1',
31 silly addNameRange     '0.3.2',
31 silly addNameRange     '0.3.3',
31 silly addNameRange     '0.3.4',
31 silly addNameRange     '0.3.5',
31 silly addNameRange     '0.3.6',
31 silly addNameRange     '0.3.7',
31 silly addNameRange     '0.3.8',
31 silly addNameRange     '0.3.9',
31 silly addNameRange     '0.3.10',
31 silly addNameRange     '0.3.11',
31 silly addNameRange     '0.3.12',
31 silly addNameRange     '0.3.13',
31 silly addNameRange     '0.3.14',
31 silly addNameRange     '0.3.15',
31 silly addNameRange     '0.3.16',
31 silly addNameRange     '0.3.17',
31 silly addNameRange     '0.4.0',
31 silly addNameRange     '0.4.1',
31 silly addNameRange     '0.4.2',
31 silly addNameRange     '0.4.3',
31 silly addNameRange     '0.4.4',
31 silly addNameRange     '0.4.5',
31 silly addNameRange     '0.3.13-a',
31 silly addNameRange     '0.4.0-a',
31 silly addNameRange     '0.4.0-rc1',
31 silly addNameRange     '0.4.0-rc2',
31 silly addNameRange     '0.4.0-rc3',
31 silly addNameRange     '0.4.0-rc4',
31 silly addNameRange     '0.4.0-rc5',
31 silly addNameRange     '0.4.0-rc6',
31 silly addNameRange     '0.4.0-rc7',
31 silly addNameRange     '0.4.0-rc8' ] ]
32 verbose addNamed [ 'grunt', '0.4.5' ]
33 verbose addNamed [ '0.4.5', '0.4.5' ]
34 silly lockFile 81abf7ad-grunt-0-4-5 grunt@0.4.5
35 verbose lock grunt@0.4.5 /home/marcko/.npm/81abf7ad-grunt-0-4-5.lock
36 silly lockFile ea6cf2d1--npmjs-org-grunt-grunt-0-4-5-tgz https://registry.npmjs.org/grunt/-/grunt-0.4.5.tgz
37 verbose lock https://registry.npmjs.org/grunt/-/grunt-0.4.5.tgz /home/marcko/.npm/ea6cf2d1--npmjs-org-grunt-grunt-0-4-5-tgz.lock
38 verbose addRemoteTarball [ 'https://registry.npmjs.org/grunt/-/grunt-0.4.5.tgz',
38 verbose addRemoteTarball   '56937cd5194324adff6d207631832a9d6ba4e7f0' ]
39 info retry fetch attempt 1 at 21:28:14
40 verbose fetch to= /tmp/npm-7925-zO5jBxp9/registry.npmjs.org/grunt/-/grunt-0.4.5.tgz
41 http GET https://registry.npmjs.org/grunt/-/grunt-0.4.5.tgz
42 http 200 https://registry.npmjs.org/grunt/-/grunt-0.4.5.tgz
43 silly lockFile ea6cf2d1--npmjs-org-grunt-grunt-0-4-5-tgz https://registry.npmjs.org/grunt/-/grunt-0.4.5.tgz
44 silly lockFile ea6cf2d1--npmjs-org-grunt-grunt-0-4-5-tgz https://registry.npmjs.org/grunt/-/grunt-0.4.5.tgz
45 silly lockFile 81abf7ad-grunt-0-4-5 grunt@0.4.5
46 silly lockFile 81abf7ad-grunt-0-4-5 grunt@0.4.5
47 silly lockFile 55f1ff24-grunt grunt@
48 silly lockFile 55f1ff24-grunt grunt@
49 error Error: EACCES, mkdir '/home/marcko/.npm/grunt/0.4.5'
49 error  { [Error: EACCES, mkdir '/home/marcko/.npm/grunt/0.4.5']
49 error   errno: 3,
49 error   code: 'EACCES',
49 error   path: '/home/marcko/.npm/grunt/0.4.5',
49 error   parent: 'AngularBlog' }
50 error Please try running this command again as root/Administrator.
51 error System Linux 3.16.0-25-generic
52 error command "/usr/bin/node" "/usr/bin/npm" "install" "grunt" "--save-dev"
53 error cwd /home/marcko/AngularBlog
54 error node -v v0.10.33
55 error npm -v 1.4.28
56 error path /home/marcko/.npm/grunt/0.4.5
57 error code EACCES
58 error errno 3
59 error stack Error: EACCES, mkdir '/home/marcko/.npm/grunt/0.4.5'
60 verbose exit [ 3, true ]
